[debug] [2026-04-11T13:47:41.022Z] ----------------------------------------------------------------------
[debug] [2026-04-11T13:47:41.023Z] Command:       /nix/store/ws50yvm6vzlzf7jzz6n7xh4szddrack1-nodejs-20.19.1/bin/node /nix/store/gm9mcvzb17vv8cla08khrg29vxn3sq4r-firebase-tools-15.1.0/lib/node_modules/firebase-tools/lib/bin/firebase.js use --add
[debug] [2026-04-11T13:47:41.024Z] CLI Version:   15.1.0
[debug] [2026-04-11T13:47:41.024Z] Platform:      linux
[debug] [2026-04-11T13:47:41.024Z] Node Version:  v20.19.1
[debug] [2026-04-11T13:47:41.024Z] Time:          Sat Apr 11 2026 13:47:41 GMT+0000 (Coordinated Universal Time)
[debug] [2026-04-11T13:47:41.024Z] ----------------------------------------------------------------------
[debug] 
[debug] [2026-04-11T13:47:41.027Z] >>> [apiv2][query] GET https://firebase-public.firebaseio.com/cli.json [none]
[debug] [2026-04-11T13:47:41.334Z] > command requires scopes: ["email","openid","https://www.googleapis.com/auth/cloudplatformprojects.readonly","https://www.googleapis.com/auth/firebase","https://www.googleapis.com/auth/cloud-platform","https://www.googleapis.com/auth/userinfo.email"]
[debug] [2026-04-11T13:47:41.365Z] Running auto auth
[debug] [2026-04-11T13:47:41.438Z] No OAuth tokens found
[debug] [2026-04-11T13:47:41.438Z] >>> [apiv2][query] GET https://firebase.googleapis.com/v1beta1/projects pageSize=1000
[debug] [2026-04-11T13:47:41.464Z] <<< [apiv2][status] GET https://firebase.googleapis.com/v1beta1/projects 403
[debug] [2026-04-11T13:47:41.465Z] <<< [apiv2][body] GET https://firebase.googleapis.com/v1beta1/projects [omitted]
[debug] [2026-04-11T13:47:41.465Z] Request to https://firebase.googleapis.com/v1beta1/projects?pageSize=1000 had HTTP Error: 403, Request had insufficient authentication scopes.
[debug] [2026-04-11T13:47:41.466Z] FirebaseError: Request to https://firebase.googleapis.com/v1beta1/projects?pageSize=1000 had HTTP Error: 403, Request had insufficient authentication scopes.
    at responseToError (/nix/store/gm9mcvzb17vv8cla08khrg29vxn3sq4r-firebase-tools-15.1.0/lib/node_modules/firebase-tools/lib/responseToError.js:53:12)
    at RetryOperation._fn (/nix/store/gm9mcvzb17vv8cla08khrg29vxn3sq4r-firebase-tools-15.1.0/lib/node_modules/firebase-tools/lib/apiv2.js:322:77)
    at process.processTicksAndRejections (node:internal/process/task_queues:95:5)
[error] 
[error] Error: Failed to list Firebase projects. See firebase-debug.log for more info.
